<?xml version="1.0" encoding="UTF-8"?>
<testsuites name="Demo_Suite_1" time="202.006" tests="1" failures="0" errors="0">
   <testsuite name="Demo_Suite_1" tests="1" failures="0" errors="0" time="202.006" skipped="0" timestamp="2022-04-22 19:11:16" hostname="I4464 - IND-CHN-LT11809" id="Test Suites/Demo_Suite_1">
      <properties>
         <property name="deviceName" value=""/>
         <property name="devicePlatform" value=""/>
         <property name="logFolder" value="C:\\Users\\I4464\\git\\katalon\\Reports\\20220422_191057\\Demo_Suite_1\\20220422_191057"/>
         <property name="logFiles" value="C:\\Users\\I4464\\git\\katalon\\Reports\\20220422_191057\\Demo_Suite_1\\20220422_191057\\execution0.log"/>
         <property name="attachments" value=""/>
         <property name="hostName" value="I4464 - IND-CHN-LT11809"/>
         <property name="os" value="Windows 10 64bit"/>
         <property name="katalonVersion" value="8.3.0.208"/>
         <property name="browser" value="Chrome 100.0.4896.127"/>
         <property name="hostAddress" value="192.168.43.110"/>
         <property name="sessionId" value="04e70698bc237e60319bef119ed097e1"/>
         <property name="seleniumVersion" value="3.141.59"/>
         <property name="proxyInformation" value="ProxyInformation { proxyOption=NO_PROXY, proxyServerType=HTTP, username=, password=********, proxyServerAddress=, proxyServerPort=0, executionList=&quot;&quot;, isApplyToDesiredCapabilities=true }"/>
         <property name="platform" value="Windows 10"/>
      </properties>
      <testcase name="Test Cases/IDP-13 TC_001" time="201.326" classname="Test Cases/IDP-13 TC_001" status="PASSED">
         <system-out><![CDATA[2022-04-22 19:11:16 - [TEST_CASE][PASSED] - Test Cases/IDP-13 TC_001: Test Cases/IDP-13 TC_001

2022-04-22 19:11:17 - [TEST_STEP][PASSED] - openBrowser(""): Browser is opened with url: ''

2022-04-22 19:11:18 - [MESSAGE][INFO] - Starting 'Chrome' driver

2022-04-22 19:11:19 - [MESSAGE][INFO] - Action delay is set to 0 milliseconds

2022-04-22 19:11:27 - [MESSAGE][PASSED] - Browser is opened with url: ''

2022-04-22 19:11:27 - [TEST_STEP][PASSED] - maximizeWindow(): Current window maximized

2022-04-22 19:11:28 - [MESSAGE][PASSED] - Current window maximized

2022-04-22 19:11:28 - [TEST_STEP][PASSED] - navigateToUrl("https://requisitionapp-sandbox.mxapps.io/index.html?profile=Responsive"): Navigate to 'https://requisitionapp-sandbox.mxapps.io/index.html?profile=Responsive' successfully

2022-04-22 19:11:33 - [MESSAGE][PASSED] - Navigate to 'https://requisitionapp-sandbox.mxapps.io/index.html?profile=Responsive' successfully

2022-04-22 19:11:33 - [TEST_STEP][PASSED] - setText(findTestObject("Object Repository/Page_Mendix - Page/input_Username_100.TaxiRequisition.LoginPag_69ed09"), "Raj"): Text 'Raj' is set on object 'Object Repository/Page_Mendix - Page/input_Username_100.TaxiRequisition.LoginPag_69ed09'

2022-04-22 19:12:34 - [MESSAGE][PASSED] - Text 'Raj' is set on object 'Object Repository/Page_Mendix - Page/input_Username_100.TaxiRequisition.LoginPag_69ed09'

2022-04-22 19:12:34 - [TEST_STEP][PASSED] - setEncryptedText(findTestObject("Object Repository/Page_Mendix - Page/input_Password_100.TaxiRequisition.LoginPag_7a5430"), "7Dxoto1EjKfQbGop/Ov+1g=="): Text ****** has been set on object 'Object Repository/Page_Mendix - Page/input_Password_100.TaxiRequisition.LoginPag_7a5430'

2022-04-22 19:13:04 - [MESSAGE][PASSED] - Text ****** has been set on object 'Object Repository/Page_Mendix - Page/input_Password_100.TaxiRequisition.LoginPag_7a5430'

2022-04-22 19:13:04 - [TEST_STEP][PASSED] - click(findTestObject("Object Repository/Page_Mendix - Page/button_Log In")): Object: 'Object Repository/Page_Mendix - Page/button_Log In' is clicked on

2022-04-22 19:13:35 - [MESSAGE][PASSED] - Object: 'Object Repository/Page_Mendix - Page/button_Log In' is clicked on

2022-04-22 19:13:35 - [TEST_STEP][PASSED] - verifyElementText(findTestObject("Object Repository/Page_Mendix - Task Inbox/h1_Taxi Request List"), "Taxi Request List"): Actual text and expected text of test object 'Object Repository/Page_Mendix - Task Inbox/h1_Taxi Request List' are matched.

2022-04-22 19:14:06 - [MESSAGE][PASSED] - Actual text and expected text of test object 'Object Repository/Page_Mendix - Task Inbox/h1_Taxi Request List' are matched.

2022-04-22 19:14:06 - [TEST_STEP][PASSED] - click(findTestObject("Object Repository/Page_Mendix - Task Inbox/span_Taxi Request List_glyphicon glyphicon-log-out")): Object: 'Object Repository/Page_Mendix - Task Inbox/span_Taxi Request List_glyphicon glyphicon-log-out' is clicked on

2022-04-22 19:14:36 - [MESSAGE][PASSED] - Object: 'Object Repository/Page_Mendix - Task Inbox/span_Taxi Request List_glyphicon glyphicon-log-out' is clicked on

2022-04-22 19:14:36 - [TEST_STEP][PASSED] - closeBrowser(): Browser is closed

2022-04-22 19:14:38 - [MESSAGE][PASSED] - Browser is closed]]></system-out>
         <system-err><![CDATA[]]></system-err>
      </testcase>
      <system-out><![CDATA[2022-04-22 19:11:16 - [TEST_SUITE][PASSED] - Demo_Suite_1: Test Cases/IDP-13 TC_001]]></system-out>
      <system-err><![CDATA[]]></system-err>
   </testsuite>
</testsuites>
